<?xml version="1.0" encoding="UTF-8"?>
<!-- Generated by org.testng.reporters.JUnitReportReporter -->
<testsuite hostname="LT309588" name="com.nextera.testautomation.AppTest" tests="4" failures="0" timestamp="24 Jan 2017 15:43:17 GMT" time="47.708" errors="0">
  <testcase name="testMethod3" time="10.318" classname="com.nextera.testautomation.AppTest"/>
  <testcase name="testMethod3" time="10.805" classname="com.nextera.testautomation.AppTest"/>
  <testcase name="testMethod3" time="7.254" classname="com.nextera.testautomation.AppTest"/>
  <testcase name="testMethod3" time="19.331" classname="com.nextera.testautomation.AppTest"/>
</testsuite> <!-- com.nextera.testautomation.AppTest -->
