<?xml version="1.0" encoding="UTF-8"?>
<!-- Generated by org.testng.reporters.JUnitReportReporter -->
<testsuite hostname="LT309588" name="com.nextera.testautomation.AppTest" tests="3" failures="0" timestamp="13 Jan 2017 19:38:44 GMT" time="31.399" errors="0">
  <testcase name="testMethod3" time="12.261" classname="com.nextera.testautomation.AppTest"/>
  <testcase name="testMethod3" time="9.901" classname="com.nextera.testautomation.AppTest"/>
  <testcase name="testMethod3" time="9.237" classname="com.nextera.testautomation.AppTest"/>
</testsuite> <!-- com.nextera.testautomation.AppTest -->
